2025-12-29 17:54:37,102 - INFO - root - Weather collector Lambda function 
2025-12-29 17:54:37,102 - INFO - root - Instantiating WeatherDataCollector
2025-12-29 17:54:37,159 - INFO - botocore.credentials - Found credentials in shared credentials file: ~/.aws/credentials
2025-12-29 17:54:37,485 - INFO - root - Starting dynamodb initialization
2025-12-29 17:54:37,602 - INFO - root - Initializing WeatherDataCollector
2025-12-29 17:54:37,912 - INFO - root - Initializing APIManager
2025-12-29 17:54:37,913 - INFO - root - Initializing S3Operations for bucket: weather-data-store-bucket-11-07-2025-12-20-avar, region: us-east-1
2025-12-29 17:54:37,981 - INFO - root - Validate bucket: weather-data-store-bucket-11-07-2025-12-20-avar
2025-12-29 17:54:39,263 - INFO - root - Bucket exists and is readable weather-data-store-bucket-11-07-2025-12-20-avar
2025-12-29 17:54:39,263 - INFO - root - S3Operations validated successfully
2025-12-29 17:54:39,263 - INFO - root - WeatherDataCollector initialized successfully
2025-12-29 17:54:39,263 - INFO - root - Starting weather day collection for zipcode10001 and day2020-01-02
2025-12-29 17:54:39,263 - INFO - root - API GET request to url http://api.openweathermap.org/geo/1.0/zip
2025-12-29 17:54:39,484 - INFO - root - API response status: 200
2025-12-29 17:54:39,484 - INFO - root - Parsing API response as JSON
2025-12-29 17:54:39,484 - INFO - root - starting weather api for zipcode10001 and day :2020-01-02
2025-12-29 17:54:39,484 - INFO - root - API GET request to url https://api.openweathermap.org/data/3.0/onecall/day_summary
2025-12-29 17:54:41,678 - INFO - root - API response status: 200
2025-12-29 17:54:41,678 - INFO - root - Parsing API response as JSON
2025-12-29 17:54:41,679 - INFO - root - Storing object in S3: s3://weather-data-store-bucket-11-07-2025-12-20-avar/openweather_api/year=2020/month=01/day=02/zipcode=10001/e766f5d9-1aa9-4ec5-9a99-60790c004579.json
2025-12-29 17:54:41,837 - INFO - root - Successfully stored data for zipcode 10001 in S3
2025-12-29 17:54:41,838 - INFO - root - api processing complete for zipcode10001 and day :02
2025-12-29 17:54:41,838 - INFO - root - Weather data collection for 2020-01-02 completed successfully
2025-12-29 17:54:42,143 - INFO - root - Update complete for 10001#US#2020-01-02 in weather_collection_progress ,weather_collection_queue
2025-12-29 17:57:50,907 - INFO - root - Weather collector Lambda function 
2025-12-29 17:57:50,907 - INFO - root - Instantiating WeatherDataCollector
2025-12-29 17:57:50,958 - INFO - botocore.credentials - Found credentials in shared credentials file: ~/.aws/credentials
2025-12-29 17:57:51,229 - INFO - root - Starting dynamodb initialization
2025-12-29 17:57:51,331 - INFO - root - Initializing WeatherDataCollector
2025-12-29 17:57:51,853 - INFO - root - Initializing APIManager
2025-12-29 17:57:51,853 - INFO - root - Initializing S3Operations for bucket: weather-data-store-bucket-11-07-2025-12-20-avar, region: us-east-1
2025-12-29 17:57:51,931 - INFO - root - Validate bucket: weather-data-store-bucket-11-07-2025-12-20-avar
2025-12-29 17:57:52,250 - INFO - root - Bucket exists and is readable weather-data-store-bucket-11-07-2025-12-20-avar
2025-12-29 17:57:52,250 - INFO - root - S3Operations validated successfully
2025-12-29 17:57:52,250 - INFO - root - WeatherDataCollector initialized successfully
2025-12-29 17:57:52,250 - INFO - root - Starting weather day collection for zipcode10001 and day2020-01-02
2025-12-29 17:57:52,250 - INFO - root - API GET request to url http://api.openweathermap.org/geo/1.0/zip
2025-12-29 17:57:52,343 - INFO - root - API response status: 200
2025-12-29 17:57:52,343 - INFO - root - Parsing API response as JSON
2025-12-29 17:57:52,343 - INFO - root - starting weather api for zipcode10001 and day :2020-01-02
2025-12-29 17:57:52,343 - INFO - root - API GET request to url https://api.openweathermap.org/data/3.0/onecall/day_summary
2025-12-29 17:57:53,260 - INFO - root - API response status: 200
2025-12-29 17:57:53,260 - INFO - root - Parsing API response as JSON
2025-12-29 17:57:53,261 - INFO - root - Storing object in S3: s3://weather-data-store-bucket-11-07-2025-12-20-avar/openweather_api/year=2020/month=01/day=02/zipcode=10001/badce088-28d7-4bd2-898d-9963a37d2565.json
2025-12-29 17:57:53,384 - INFO - root - Successfully stored data for zipcode 10001 in S3
2025-12-29 17:57:53,385 - INFO - root - api processing complete for zipcode10001 and day :02
2025-12-29 17:57:53,385 - INFO - root - Weather data collection for 2020-01-02 completed successfully
2025-12-29 17:57:53,819 - INFO - root - Update complete for 10001#US#2020-01-02 in weather_collection_progress ,weather_collection_queue
2025-12-29 17:58:44,665 - INFO - root - Weather collector Lambda function 
2025-12-29 17:58:44,666 - INFO - root - Instantiating WeatherDataCollector
2025-12-29 17:58:44,725 - INFO - botocore.credentials - Found credentials in shared credentials file: ~/.aws/credentials
2025-12-29 17:58:45,036 - INFO - root - Starting dynamodb initialization
2025-12-29 17:58:45,167 - INFO - root - Initializing WeatherDataCollector
2025-12-29 17:58:45,582 - INFO - root - Initializing APIManager
2025-12-29 17:58:45,583 - INFO - root - Initializing S3Operations for bucket: weather-data-store-bucket-11-07-2025-12-20-avar, region: us-east-1
2025-12-29 17:58:45,651 - INFO - root - Validate bucket: weather-data-store-bucket-11-07-2025-12-20-avar
2025-12-29 17:58:46,082 - INFO - root - Bucket exists and is readable weather-data-store-bucket-11-07-2025-12-20-avar
2025-12-29 17:58:46,083 - INFO - root - S3Operations validated successfully
2025-12-29 17:58:46,083 - INFO - root - WeatherDataCollector initialized successfully
2025-12-29 17:58:46,083 - INFO - root - Starting weather day collection for zipcode10001 and day2020-01-02
2025-12-29 17:58:46,083 - INFO - root - API GET request to url http://api.openweathermap.org/geo/1.0/zip
2025-12-29 17:58:46,183 - INFO - root - API response status: 200
2025-12-29 17:58:46,183 - INFO - root - Parsing API response as JSON
2025-12-29 17:58:46,183 - INFO - root - starting weather api for zipcode10001 and day :2020-01-02
2025-12-29 17:58:46,183 - INFO - root - API GET request to url https://api.openweathermap.org/data/3.0/onecall/day_summary
2025-12-29 17:58:46,403 - INFO - root - API response status: 200
2025-12-29 17:58:46,404 - INFO - root - Parsing API response as JSON
2025-12-29 17:58:46,404 - INFO - root - Storing object in S3: s3://weather-data-store-bucket-11-07-2025-12-20-avar/openweather_api/year=2020/month=01/day=02/zipcode=10001/dcdeb311-e9f9-4670-b228-cf254fd86dc6.json
2025-12-29 17:58:46,529 - INFO - root - Successfully stored data for zipcode 10001 in S3
2025-12-29 17:58:46,529 - INFO - root - api processing complete for zipcode10001 and day :02
2025-12-29 17:58:46,529 - INFO - root - Weather data collection for 2020-01-02 completed successfully
2025-12-29 17:58:46,829 - INFO - root - Update complete for 10001#US#2020-01-02 in weather_collection_progress ,weather_collection_queue
